<?xml version="1.0" encoding="UTF-8"?><testsuite errors="0" failures="0" name="com.gorest.crudtest.UsersCrudTest" skipped="0" tests="4" time="3.4" timestamp="2023-01-03T12:58:05.306Z[Europe/London]"><testcase classname="com.gorest.crudtest.UsersCrudTest" name="This test will Create a new User"/><testcase classname="com.gorest.crudtest.UsersCrudTest" name="This test will verify user added successfully"/><testcase classname="com.gorest.crudtest.UsersCrudTest" name="This test will update user details"/><testcase classname="com.gorest.crudtest.UsersCrudTest" name="This test will delete user"/></testsuite>