<?xml version="1.0" encoding="UTF-8"?><testsuite errors="0" failures="0" name="com.gorest.crudtest.PostsCrudTest" skipped="0" tests="5" time="7.73" timestamp="2023-01-03T12:57:56.049Z[Europe/London]"><testcase classname="com.gorest.crudtest.PostsCrudTest" name="Test001"/><testcase classname="com.gorest.crudtest.PostsCrudTest" name="This test will Create a new Post"/><testcase classname="com.gorest.crudtest.PostsCrudTest" name="This test will get by ID"/><testcase classname="com.gorest.crudtest.PostsCrudTest" name="This test will Update the title"/><testcase classname="com.gorest.crudtest.PostsCrudTest" name="This test will delete the post"/></testsuite>